Arguments: 
  C:\Program Files\nodejs\node.exe C:\Users\huber\AppData\Roaming\npm\node_modules\yarn\bin\yarn.js init

PATH: 
  G:\cypress\node_modules\.bin;C:\Python310\Scripts\;C:\Python310\;C:\Program Files (x86)\Razer Chroma SDK\bin;C:\Program Files\Razer Chroma SDK\bin;C:\Program Files (x86)\Razer\ChromaBroadcast\bin;C:\Program Files\Razer\ChromaBroadcast\bin;C:\Program Files\AdoptOpenJDK\jdk-11.0.7.10-hotspot\bin;C:\Program Files (x86)\Common Files\Oracle\Java\javapath;C:\ProgramData\Oracle\Java\javapath;C:\Windows\system32;C:\Windows;C:\Windows\System32\Wbem;C:\Windows\System32\WindowsPowerShell\v1.0\;C:\Windows\System32\OpenSSH\;C:\Program Files (x86)\NVIDIA Corporation\PhysX\Common;C:\Program Files\NVIDIA Corporation\NVIDIA NvDLISR;C:\Users\huber\AppData\Local\Taurus\bin;C:\Program Files\MySQL\MySQL Shell 8.0\bin\;C:\Users\huber\AppData\Local\Microsoft\WindowsApps;E:\Nowy folder\Microsoft VS Code\bin;C:\Windows\system32\config\systemprofile\AppData\Local\Microsoft\WindowsApps;C:\Program Files (x86)\ZeroTier\One\;C:\WINDOWS\system32;C:\WINDOWS;C:\WINDOWS\System32\Wbem;C:\WINDOWS\System32\WindowsPowerShell\v1.0\;C:\WINDOWS\System32\OpenSSH\;C:\composer;C:\xampp\php;C:\Users\huber\Desktop\PHP\php-8.0.3;C:\ProgramData\chocolatey\bin;C:\Program Files\nodejs\;C:\Program Files\Git\cmd;C:\Users\huber\AppData\Local\Microsoft\WindowsApps;E:\Nowy folder\Microsoft VS Code\bin;C:\xampp\php;C:\Users\huber\AppData\Roaming\Composer\vendor\bin;C:\Users\huber\AppData\Roaming\npm

Yarn version: 
  1.22.19

Node version: 
  16.13.2

Platform: 
  win32 x64

Trace: 
  Error: canceled
      at Interface.<anonymous> (C:\Users\huber\AppData\Roaming\npm\node_modules\yarn\lib\cli.js:137150:13)
      at Interface.emit (node:events:390:28)
      at Interface._ttyWrite (node:readline:1081:16)
      at ReadStream.onkeypress (node:readline:288:10)
      at ReadStream.emit (node:events:390:28)
      at emitKeys (node:internal/readline/utils:358:14)
      at emitKeys.next (<anonymous>)
      at ReadStream.onData (node:internal/readline/emitKeypressEvents:61:36)
      at ReadStream.emit (node:events:390:28)
      at addChunk (node:internal/streams/readable:315:12)

npm manifest: 
  {
    "dependencies": {
      "cypress": "^12.5.1",
      "eslint": "^8.33.0",
      "jest": "^29.4.1",
      "mocha": "^10.2.0"
    },
    "devDependencies": {
      "@types/jest": "^29.4.0",
      "@types/mocha": "^10.0.1"
    },
    "scripts": {
      "tsc": "tsc"
    }
  }

yarn manifest: 
  No manifest

Lockfile: 
  No lockfile
